<?xml version="1.0" encoding="UTF-8"?>
<testsuites>
  <testsuite name="fastlane.lanes">
    
    
    
      
      <testcase classname="fastlane.lanes" name="0: default_platform" time="0.007654">
        
      </testcase>
    
      
      <testcase classname="fastlane.lanes" name="1: gradle" time="5.117905">
        
      </testcase>
    
      
      <testcase classname="fastlane.lanes" name="2: gradle" time="1.115992">
        
      </testcase>
    
      
      <testcase classname="fastlane.lanes" name="3: sed &quot;1d&quot; ../version.properties | sed  &quot;s/middle=/./g&quot; | sed  &quot;s/major=//g&quot; | sed  &quot;s/minor=/./g&quot; | sed  &quot;s/build=/ build. /g&quot; | tr -d &quot;\n&quot;" time="0.020843">
        
      </testcase>
    
      
      <testcase classname="fastlane.lanes" name="4: gradle" time="1.166205">
        
          <failure message="/Library/Ruby/Gems/2.3.0/gems/fastlane-2.86.1/fastlane/lib/fastlane/actions/actions_helper.rb:48:in `execute_action'&#10;/Library/Ruby/Gems/2.3.0/gems/fastlane-2.86.1/fastlane/lib/fastlane/runner.rb:236:in `block in execute_action'&#10;/Library/Ruby/Gems/2.3.0/gems/fastlane-2.86.1/fastlane/lib/fastlane/runner.rb:231:in `chdir'&#10;/Library/Ruby/Gems/2.3.0/gems/fastlane-2.86.1/fastlane/lib/fastlane/runner.rb:231:in `execute_action'&#10;/Library/Ruby/Gems/2.3.0/gems/fastlane-2.86.1/fastlane/lib/fastlane/runner.rb:157:in `trigger_action_by_name'&#10;/Library/Ruby/Gems/2.3.0/gems/fastlane-2.86.1/fastlane/lib/fastlane/fast_file.rb:148:in `method_missing'&#10;Fastfile:31:in `block (2 levels) in parsing_binding'&#10;/Library/Ruby/Gems/2.3.0/gems/fastlane-2.86.1/fastlane/lib/fastlane/runner.rb:289:in `execute_flow_block'&#10;/Library/Ruby/Gems/2.3.0/gems/fastlane-2.86.1/fastlane/lib/fastlane/runner.rb:54:in `block in execute'&#10;/Library/Ruby/Gems/2.3.0/gems/fastlane-2.86.1/fastlane/lib/fastlane/runner.rb:45:in `chdir'&#10;/Library/Ruby/Gems/2.3.0/gems/fastlane-2.86.1/fastlane/lib/fastlane/runner.rb:45:in `execute'&#10;/Library/Ruby/Gems/2.3.0/gems/fastlane-2.86.1/fastlane/lib/fastlane/lane_manager.rb:57:in `cruise_lane'&#10;/Library/Ruby/Gems/2.3.0/gems/fastlane-2.86.1/fastlane/lib/fastlane/command_line_handler.rb:36:in `handle'&#10;/Library/Ruby/Gems/2.3.0/gems/fastlane-2.86.1/fastlane/lib/fastlane/commands_generator.rb:108:in `block (2 levels) in run'&#10;/Library/Ruby/Gems/2.3.0/gems/commander-fastlane-4.4.6/lib/commander/command.rb:178:in `call'&#10;/Library/Ruby/Gems/2.3.0/gems/commander-fastlane-4.4.6/lib/commander/command.rb:153:in `run'&#10;/Library/Ruby/Gems/2.3.0/gems/commander-fastlane-4.4.6/lib/commander/runner.rb:476:in `run_active_command'&#10;/Library/Ruby/Gems/2.3.0/gems/fastlane-2.86.1/fastlane_core/lib/fastlane_core/ui/fastlane_runner.rb:75:in `run!'&#10;/Library/Ruby/Gems/2.3.0/gems/commander-fastlane-4.4.6/lib/commander/delegates.rb:15:in `run!'&#10;/Library/Ruby/Gems/2.3.0/gems/fastlane-2.86.1/fastlane/lib/fastlane/commands_generator.rb:333:in `run'&#10;/Library/Ruby/Gems/2.3.0/gems/fastlane-2.86.1/fastlane/lib/fastlane/commands_generator.rb:42:in `start'&#10;/Library/Ruby/Gems/2.3.0/gems/fastlane-2.86.1/fastlane/lib/fastlane/cli_tools_distributor.rb:107:in `take_off'&#10;/Library/Ruby/Gems/2.3.0/gems/fastlane-2.86.1/bin/fastlane:20:in `&lt;top (required)&gt;'&#10;/usr/local/bin/fastlane:22:in `load'&#10;/usr/local/bin/fastlane:22:in `&lt;main&gt;'&#10;&#10;Exit status of command '/Users/nelson.c.cheung/DaggerTest/gradlew assembleDevRelease -p . -Pandroid.injected.signing.store.file=uat_keystore.jks -Pandroid.injected.signing.store.password=wingon2018 -Pandroid.injected.signing.key.alias=wingon2018 -Pandroid.injected.signing.key.password=wingon2018' was 1 instead of 0.&#10;The Task.leftShift(Closure) method has been deprecated and is scheduled to be removed in Gradle 5.0. Please use Task.doLast(Action) instead.&#10;	at versioning_n5x5v8dqnzu7o1ux0hgqheec.run(/Users/nelson.c.cheung/DaggerTest/versioning.gradle:100)&#10;Configuration 'compile' in project ':app' is deprecated. Use 'implementation' instead.&#10;&#10;FAILURE: Build failed with an exception.&#10;&#10;* What went wrong:&#10;Task 'assembleDevRelease' not found in root project 'DaggerTest'. Some candidates are: 'assembleRelease'.&#10;&#10;* Try:&#10;Run gradlew tasks to get a list of available tasks. Run with --stacktrace option to get the stack trace. Run with --info or --debug option to get more log output.&#10;&#10;* Get more help at https://help.gradle.org&#10;&#10;BUILD FAILED in 0s&#10;" />
        
      </testcase>
    
  </testsuite>
</testsuites>
